Determining if the pthread_create exist failed with the following output:
Change Dir: /home/rui/catkin_ws/build/CMakeFiles/CMakeTmp

Run Build Command:"/usr/bin/make" "cmTC_b850c/fast"
/usr/bin/make -f CMakeFiles/cmTC_b850c.dir/build.make CMakeFiles/cmTC_b850c.dir/build
make[1]: Entering directory '/home/rui/catkin_ws/build/CMakeFiles/CMakeTmp'
Building C object CMakeFiles/cmTC_b850c.dir/CheckSymbolExists.c.o
/usr/bin/cc     -o CMakeFiles/cmTC_b850c.dir/CheckSymbolExists.c.o   -c /home/rui/catkin_ws/build/CMakeFiles/CMakeTmp/CheckSymbolExists.c
Linking C executable cmTC_b850c
/usr/bin/cmake -E cmake_link_script CMakeFiles/cmTC_b850c.dir/link.txt --verbose=1
/usr/bin/cc       CMakeFiles/cmTC_b850c.dir/CheckSymbolExists.c.o  -o cmTC_b850c -rdynamic 
CMakeFiles/cmTC_b850c.dir/CheckSymbolExists.c.o: In function `main':
CheckSymbolExists.c:(.text+0x16): undefined reference to `pthread_create'
collect2: error: ld returned 1 exit status
CMakeFiles/cmTC_b850c.dir/build.make:97: recipe for target 'cmTC_b850c' failed
make[1]: *** [cmTC_b850c] Error 1
make[1]: Leaving directory '/home/rui/catkin_ws/build/CMakeFiles/CMakeTmp'
Makefile:126: recipe for target 'cmTC_b850c/fast' failed
make: *** [cmTC_b850c/fast] Error 2

File /home/rui/catkin_ws/build/CMakeFiles/CMakeTmp/CheckSymbolExists.c:
/* */
#include <pthread.h>

int main(int argc, char** argv)
{
  (void)argv;
#ifndef pthread_create
  return ((int*)(&pthread_create))[argc];
#else
  (void)argc;
  return 0;
#endif
}

Determining if the function pthread_create exists in the pthreads failed with the following output:
Change Dir: /home/rui/catkin_ws/build/CMakeFiles/CMakeTmp

Run Build Command:"/usr/bin/make" "cmTC_f483f/fast"
/usr/bin/make -f CMakeFiles/cmTC_f483f.dir/build.make CMakeFiles/cmTC_f483f.dir/build
make[1]: Entering directory '/home/rui/catkin_ws/build/CMakeFiles/CMakeTmp'
Building C object CMakeFiles/cmTC_f483f.dir/CheckFunctionExists.c.o
/usr/bin/cc    -DCHECK_FUNCTION_EXISTS=pthread_create   -o CMakeFiles/cmTC_f483f.dir/CheckFunctionExists.c.o   -c /usr/share/cmake-3.5/Modules/CheckFunctionExists.c
Linking C executable cmTC_f483f
/usr/bin/cmake -E cmake_link_script CMakeFiles/cmTC_f483f.dir/link.txt --verbose=1
/usr/bin/cc   -DCHECK_FUNCTION_EXISTS=pthread_create    CMakeFiles/cmTC_f483f.dir/CheckFunctionExists.c.o  -o cmTC_f483f -rdynamic -lpthreads 
/usr/bin/ld: cannot find -lpthreads
collect2: error: ld returned 1 exit status
CMakeFiles/cmTC_f483f.dir/build.make:97: recipe for target 'cmTC_f483f' failed
make[1]: *** [cmTC_f483f] Error 1
make[1]: Leaving directory '/home/rui/catkin_ws/build/CMakeFiles/CMakeTmp'
Makefile:126: recipe for target 'cmTC_f483f/fast' failed
make: *** [cmTC_f483f/fast] Error 2


Determining if the Q_WS_WIN exist failed with the following output:
Change Dir: /home/rui/catkin_ws/build/CMakeFiles/CMakeTmp

Run Build Command:"/usr/bin/make" "cmTC_c79ab/fast"
/usr/bin/make -f CMakeFiles/cmTC_c79ab.dir/build.make CMakeFiles/cmTC_c79ab.dir/build
make[1]: Entering directory '/home/rui/catkin_ws/build/CMakeFiles/CMakeTmp'
Building CXX object CMakeFiles/cmTC_c79ab.dir/CheckSymbolExists.cxx.o
/usr/bin/c++    -I/usr/include/qt4   -o CMakeFiles/cmTC_c79ab.dir/CheckSymbolExists.cxx.o -c /home/rui/catkin_ws/build/CMakeFiles/CMakeTmp/CheckSymbolExists.cxx
/home/rui/catkin_ws/build/CMakeFiles/CMakeTmp/CheckSymbolExists.cxx: In function ‘int main(int, char**)’:
/home/rui/catkin_ws/build/CMakeFiles/CMakeTmp/CheckSymbolExists.cxx:8:19: error: ‘Q_WS_WIN’ was not declared in this scope
   return ((int*)(&Q_WS_WIN))[argc];
                   ^
CMakeFiles/cmTC_c79ab.dir/build.make:65: recipe for target 'CMakeFiles/cmTC_c79ab.dir/CheckSymbolExists.cxx.o' failed
make[1]: *** [CMakeFiles/cmTC_c79ab.dir/CheckSymbolExists.cxx.o] Error 1
make[1]: Leaving directory '/home/rui/catkin_ws/build/CMakeFiles/CMakeTmp'
Makefile:126: recipe for target 'cmTC_c79ab/fast' failed
make: *** [cmTC_c79ab/fast] Error 2

File /home/rui/catkin_ws/build/CMakeFiles/CMakeTmp/CheckSymbolExists.cxx:
/* */
#include <QtCore/qglobal.h>

int main(int argc, char** argv)
{
  (void)argv;
#ifndef Q_WS_WIN
  return ((int*)(&Q_WS_WIN))[argc];
#else
  (void)argc;
  return 0;
#endif
}

Determining if the Q_WS_QWS exist failed with the following output:
Change Dir: /home/rui/catkin_ws/build/CMakeFiles/CMakeTmp

Run Build Command:"/usr/bin/make" "cmTC_11bb4/fast"
/usr/bin/make -f CMakeFiles/cmTC_11bb4.dir/build.make CMakeFiles/cmTC_11bb4.dir/build
make[1]: Entering directory '/home/rui/catkin_ws/build/CMakeFiles/CMakeTmp'
Building CXX object CMakeFiles/cmTC_11bb4.dir/CheckSymbolExists.cxx.o
/usr/bin/c++    -I/usr/include/qt4   -o CMakeFiles/cmTC_11bb4.dir/CheckSymbolExists.cxx.o -c /home/rui/catkin_ws/build/CMakeFiles/CMakeTmp/CheckSymbolExists.cxx
/home/rui/catkin_ws/build/CMakeFiles/CMakeTmp/CheckSymbolExists.cxx: In function ‘int main(int, char**)’:
/home/rui/catkin_ws/build/CMakeFiles/CMakeTmp/CheckSymbolExists.cxx:8:19: error: ‘Q_WS_QWS’ was not declared in this scope
   return ((int*)(&Q_WS_QWS))[argc];
                   ^
CMakeFiles/cmTC_11bb4.dir/build.make:65: recipe for target 'CMakeFiles/cmTC_11bb4.dir/CheckSymbolExists.cxx.o' failed
make[1]: *** [CMakeFiles/cmTC_11bb4.dir/CheckSymbolExists.cxx.o] Error 1
make[1]: Leaving directory '/home/rui/catkin_ws/build/CMakeFiles/CMakeTmp'
Makefile:126: recipe for target 'cmTC_11bb4/fast' failed
make: *** [cmTC_11bb4/fast] Error 2

File /home/rui/catkin_ws/build/CMakeFiles/CMakeTmp/CheckSymbolExists.cxx:
/* */
#include <QtCore/qglobal.h>

int main(int argc, char** argv)
{
  (void)argv;
#ifndef Q_WS_QWS
  return ((int*)(&Q_WS_QWS))[argc];
#else
  (void)argc;
  return 0;
#endif
}

Determining if the Q_WS_MAC exist failed with the following output:
Change Dir: /home/rui/catkin_ws/build/CMakeFiles/CMakeTmp

Run Build Command:"/usr/bin/make" "cmTC_12ea4/fast"
/usr/bin/make -f CMakeFiles/cmTC_12ea4.dir/build.make CMakeFiles/cmTC_12ea4.dir/build
make[1]: Entering directory '/home/rui/catkin_ws/build/CMakeFiles/CMakeTmp'
Building CXX object CMakeFiles/cmTC_12ea4.dir/CheckSymbolExists.cxx.o
/usr/bin/c++    -I/usr/include/qt4   -o CMakeFiles/cmTC_12ea4.dir/CheckSymbolExists.cxx.o -c /home/rui/catkin_ws/build/CMakeFiles/CMakeTmp/CheckSymbolExists.cxx
/home/rui/catkin_ws/build/CMakeFiles/CMakeTmp/CheckSymbolExists.cxx: In function ‘int main(int, char**)’:
/home/rui/catkin_ws/build/CMakeFiles/CMakeTmp/CheckSymbolExists.cxx:8:19: error: ‘Q_WS_MAC’ was not declared in this scope
   return ((int*)(&Q_WS_MAC))[argc];
                   ^
CMakeFiles/cmTC_12ea4.dir/build.make:65: recipe for target 'CMakeFiles/cmTC_12ea4.dir/CheckSymbolExists.cxx.o' failed
make[1]: *** [CMakeFiles/cmTC_12ea4.dir/CheckSymbolExists.cxx.o] Error 1
make[1]: Leaving directory '/home/rui/catkin_ws/build/CMakeFiles/CMakeTmp'
Makefile:126: recipe for target 'cmTC_12ea4/fast' failed
make: *** [cmTC_12ea4/fast] Error 2

File /home/rui/catkin_ws/build/CMakeFiles/CMakeTmp/CheckSymbolExists.cxx:
/* */
#include <QtCore/qglobal.h>

int main(int argc, char** argv)
{
  (void)argv;
#ifndef Q_WS_MAC
  return ((int*)(&Q_WS_MAC))[argc];
#else
  (void)argc;
  return 0;
#endif
}

